<?xml version="1.0" encoding="UTF-8"?>
<testng-results skipped="0" failed="0" ignored="0" total="1" passed="1">
  <reporter-output>
  </reporter-output>
  <suite name="Default suite" duration-ms="10327" started-at="2020-07-17T04:24:55Z" finished-at="2020-07-17T04:25:06Z">
    <groups>
    </groups>
    <test name="Default test" duration-ms="10327" started-at="2020-07-17T04:24:55Z" finished-at="2020-07-17T04:25:06Z">
      <class name="RightClick">
        <test-method status="PASS" signature="rightClick()[pri:0, instance:RightClick@6e06451e]" name="rightClick" duration-ms="10293" started-at="2020-07-17T04:24:55Z" finished-at="2020-07-17T04:25:06Z">
          <reporter-output>
          </reporter-output>
        </test-method> <!-- rightClick -->
      </class> <!-- RightClick -->
    </test> <!-- Default test -->
  </suite> <!-- Default suite -->
</testng-results>
